# JRE version: OpenJDK Runtime Environment (21.0.5) (build 21.0.5+-13047016-b750.29)
# Java VM: OpenJDK 64-Bit Server VM (21.0.5+-13047016-b750.29, mixed mode, tiered, compressed oops, compressed class ptrs, g1 gc, windows-amd64)
GC Precious Log:
 CardTable entry size: 512
 Card Set container configuration: InlinePtr #cards 4 size 8 Array Of Cards #cards 16 size 48 Howl #buckets 8 coarsen threshold 3686 Howl Bitmap #cards 512 size 80 coarsen threshold 460 Card regions per heap region 1 cards per card region 4096
 CPUs: 4 total, 4 available
 Memory: 8117M
 Large Page Support: Disabled
 NUMA Support: Disabled
 Compressed Oops: Enabled (Zero based)
 Heap Region Size: 2M
 Heap Min Capacity: 8M
 Heap Initial Capacity: 128M
 Heap Max Capacity: 4G
 Pre-touch: Disabled
 Parallel Workers: 4
 Concurrent Workers: 1
 Concurrent Refinement Workers: 4
 Periodic GC: Disabled
Heap:
 garbage-first heap   total 622592K, used 338168K [0x0000000700000000, 0x0000000800000000)
  region size 2048K, 23 young (47104K), 7 survivors (14336K)
 Metaspace       used 121833K, committed 124480K, reserved 1179648K
  class space    used 16480K, committed 17792K, reserved 1048576K
GC Heap History (20 events):
Event: 59.532 GC heap before
{Heap before GC invocations=55 (full 0):
 garbage-first heap   total 507904K, used 450828K [0x0000000700000000, 0x0000000800000000)
  region size 2048K, 121 young (247808K), 16 survivors (32768K)
 Metaspace       used 120900K, committed 123520K, reserved 1179648K
  class space    used 16404K, committed 17664K, reserved 1048576K
}
Event: 59.595 GC heap after
{Heap after GC invocations=56 (full 0):
 garbage-first heap   total 507904K, used 236403K [0x0000000700000000, 0x0000000800000000)
  region size 2048K, 5 young (10240K), 5 survivors (10240K)
 Metaspace       used 120900K, committed 123520K, reserved 1179648K
  class space    used 16404K, committed 17664K, reserved 1048576K
}
Event: 62.177 GC heap before
{Heap before GC invocations=56 (full 0):
 garbage-first heap   total 507904K, used 342899K [0x0000000700000000, 0x0000000800000000)
  region size 2048K, 58 young (118784K), 5 survivors (10240K)
 Metaspace       used 120932K, committed 123520K, reserved 1179648K
  class space    used 16409K, committed 17664K, reserved 1048576K
}
Event: 62.208 GC heap after
{Heap after GC invocations=57 (full 0):
 garbage-first heap   total 507904K, used 237271K [0x0000000700000000, 0x0000000800000000)
  region size 2048K, 5 young (10240K), 5 survivors (10240K)
 Metaspace       used 120932K, committed 123520K, reserved 1179648K
  class space    used 16409K, committed 17664K, reserved 1048576K
}
Event: 66.122 GC heap before
{Heap before GC invocations=58 (full 0):
 garbage-first heap   total 507904K, used 485079K [0x0000000700000000, 0x0000000800000000)
  region size 2048K, 119 young (243712K), 5 survivors (10240K)
 Metaspace       used 121188K, committed 123840K, reserved 1179648K
  class space    used 16422K, committed 17728K, reserved 1048576K
}
Event: 66.193 GC heap after
{Heap after GC invocations=59 (full 0):
 garbage-first heap   total 518144K, used 256883K [0x0000000700000000, 0x0000000800000000)
  region size 2048K, 15 young (30720K), 15 survivors (30720K)
 Metaspace       used 121188K, committed 123840K, reserved 1179648K
  class space    used 16422K, committed 17728K, reserved 1048576K
}
Event: 68.496 GC heap before
{Heap before GC invocations=59 (full 0):
 garbage-first heap   total 518144K, used 457587K [0x0000000700000000, 0x0000000800000000)
  region size 2048K, 113 young (231424K), 15 survivors (30720K)
 Metaspace       used 121194K, committed 123840K, reserved 1179648K
  class space    used 16422K, committed 17728K, reserved 1048576K
}
Event: 68.548 GC heap after
{Heap after GC invocations=60 (full 0):
 garbage-first heap   total 622592K, used 259876K [0x0000000700000000, 0x0000000800000000)
  region size 2048K, 4 young (8192K), 4 survivors (8192K)
 Metaspace       used 121194K, committed 123840K, reserved 1179648K
  class space    used 16422K, committed 17728K, reserved 1048576K
}
Event: 75.306 GC heap before
{Heap before GC invocations=60 (full 0):
 garbage-first heap   total 622592K, used 562980K [0x0000000700000000, 0x0000000800000000)
  region size 2048K, 146 young (299008K), 4 survivors (8192K)
 Metaspace       used 121310K, committed 123968K, reserved 1179648K
  class space    used 16433K, committed 17728K, reserved 1048576K
}
Event: 75.337 GC heap after
{Heap after GC invocations=61 (full 0):
 garbage-first heap   total 622592K, used 268539K [0x0000000700000000, 0x0000000800000000)
  region size 2048K, 9 young (18432K), 9 survivors (18432K)
 Metaspace       used 121310K, committed 123968K, reserved 1179648K
  class space    used 16433K, committed 17728K, reserved 1048576K
}
Event: 79.669 GC heap before
{Heap before GC invocations=61 (full 0):
 garbage-first heap   total 622592K, used 563451K [0x0000000700000000, 0x0000000800000000)
  region size 2048K, 154 young (315392K), 9 survivors (18432K)
 Metaspace       used 121338K, committed 123968K, reserved 1179648K
  class space    used 16434K, committed 17728K, reserved 1048576K
}
Event: 79.713 GC heap after
{Heap after GC invocations=62 (full 0):
 garbage-first heap   total 622592K, used 278308K [0x0000000700000000, 0x0000000800000000)
  region size 2048K, 13 young (26624K), 13 survivors (26624K)
 Metaspace       used 121338K, committed 123968K, reserved 1179648K
  class space    used 16434K, committed 17728K, reserved 1048576K
}
Event: 79.883 GC heap before
{Heap before GC invocations=62 (full 0):
 garbage-first heap   total 622592K, used 292644K [0x0000000700000000, 0x0000000800000000)
  region size 2048K, 21 young (43008K), 13 survivors (26624K)
 Metaspace       used 121342K, committed 123968K, reserved 1179648K
  class space    used 16434K, committed 17728K, reserved 1048576K
}
Event: 79.936 GC heap after
{Heap after GC invocations=63 (full 0):
 garbage-first heap   total 622592K, used 280515K [0x0000000700000000, 0x0000000800000000)
  region size 2048K, 7 young (14336K), 7 survivors (14336K)
 Metaspace       used 121342K, committed 123968K, reserved 1179648K
  class space    used 16434K, committed 17728K, reserved 1048576K
}
Event: 83.197 GC heap before
{Heap before GC invocations=64 (full 0):
 garbage-first heap   total 622592K, used 585667K [0x0000000700000000, 0x0000000800000000)
  region size 2048K, 151 young (309248K), 7 survivors (14336K)
 Metaspace       used 121345K, committed 124032K, reserved 1179648K
  class space    used 16435K, committed 17728K, reserved 1048576K
}
Event: 83.246 GC heap after
{Heap after GC invocations=65 (full 0):
 garbage-first heap   total 622592K, used 292803K [0x0000000700000000, 0x0000000800000000)
  region size 2048K, 13 young (26624K), 13 survivors (26624K)
 Metaspace       used 121345K, committed 124032K, reserved 1179648K
  class space    used 16435K, committed 17728K, reserved 1048576K
}
Event: 96.412 GC heap before
{Heap before GC invocations=65 (full 0):
 garbage-first heap   total 622592K, used 571331K [0x0000000700000000, 0x0000000800000000)
  region size 2048K, 145 young (296960K), 13 survivors (26624K)
 Metaspace       used 121697K, committed 124416K, reserved 1179648K
  class space    used 16471K, committed 17792K, reserved 1048576K
}
Event: 96.470 GC heap after
{Heap after GC invocations=66 (full 0):
 garbage-first heap   total 622592K, used 303139K [0x0000000700000000, 0x0000000800000000)
  region size 2048K, 13 young (26624K), 13 survivors (26624K)
 Metaspace       used 121697K, committed 124416K, reserved 1179648K
  class space    used 16471K, committed 17792K, reserved 1048576K
}
Event: 102.467 GC heap before
{Heap before GC invocations=66 (full 0):
 garbage-first heap   total 622592K, used 385059K [0x0000000700000000, 0x0000000800000000)
  region size 2048K, 55 young (112640K), 13 survivors (26624K)
 Metaspace       used 121776K, committed 124416K, reserved 1179648K
  class space    used 16473K, committed 17792K, reserved 1048576K
}
Event: 102.521 GC heap after
{Heap after GC invocations=67 (full 0):
 garbage-first heap   total 622592K, used 305400K [0x0000000700000000, 0x0000000800000000)
  region size 2048K, 7 young (14336K), 7 survivors (14336K)
 Metaspace       used 121776K, committed 124416K, reserved 1179648K
  class space    used 16473K, committed 17792K, reserved 1048576K
}

