# JRE version: OpenJDK Runtime Environment (21.0.5) (build 21.0.5+-13047016-b750.29)
# Java VM: OpenJDK 64-Bit Server VM (21.0.5+-13047016-b750.29, mixed mode, tiered, compressed oops, compressed class ptrs, g1 gc, windows-amd64)
GC Precious Log:
 CardTable entry size: 512
 Card Set container configuration: InlinePtr #cards 4 size 8 Array Of Cards #cards 16 size 48 Howl #buckets 8 coarsen threshold 3686 Howl Bitmap #cards 512 size 80 coarsen threshold 460 Card regions per heap region 1 cards per card region 4096
 CPUs: 4 total, 4 available
 Memory: 8117M
 Large Page Support: Disabled
 NUMA Support: Disabled
 Compressed Oops: Enabled (Zero based)
 Heap Region Size: 2M
 Heap Min Capacity: 8M
 Heap Initial Capacity: 128M
 Heap Max Capacity: 4G
 Pre-touch: Disabled
 Parallel Workers: 4
 Concurrent Workers: 1
 Concurrent Refinement Workers: 4
 Periodic GC: Disabled
Heap:
 garbage-first heap   total 907264K, used 809984K [0x0000000700000000, 0x0000000800000000)
  region size 2048K, 98 young (200704K), 13 survivors (26624K)
 Metaspace       used 130951K, committed 133568K, reserved 1179648K
  class space    used 17695K, committed 18944K, reserved 1048576K
GC Heap History (20 events):
Event: 68.952 GC heap after
{Heap after GC invocations=68 (full 0):
 garbage-first heap   total 641024K, used 288486K [0x0000000700000000, 0x0000000800000000)
  region size 2048K, 11 young (22528K), 11 survivors (22528K)
 Metaspace       used 120102K, committed 122688K, reserved 1179648K
  class space    used 16267K, committed 17536K, reserved 1048576K
}
Event: 71.488 GC heap before
{Heap before GC invocations=69 (full 0):
 garbage-first heap   total 641024K, used 589542K [0x0000000700000000, 0x0000000800000000)
  region size 2048K, 154 young (315392K), 11 survivors (22528K)
 Metaspace       used 120160K, committed 122752K, reserved 1179648K
  class space    used 16276K, committed 17536K, reserved 1048576K
}
Event: 71.546 GC heap after
{Heap after GC invocations=70 (full 0):
 garbage-first heap   total 641024K, used 299750K [0x0000000700000000, 0x0000000800000000)
  region size 2048K, 16 young (32768K), 16 survivors (32768K)
 Metaspace       used 120160K, committed 122752K, reserved 1179648K
  class space    used 16276K, committed 17536K, reserved 1048576K
}
Event: 73.648 GC heap before
{Heap before GC invocations=70 (full 0):
 garbage-first heap   total 641024K, used 574182K [0x0000000700000000, 0x0000000800000000)
  region size 2048K, 149 young (305152K), 16 survivors (32768K)
 Metaspace       used 120448K, committed 123072K, reserved 1179648K
  class space    used 16316K, committed 17600K, reserved 1048576K
}
Event: 73.730 GC heap after
{Heap after GC invocations=71 (full 0):
 garbage-first heap   total 641024K, used 313600K [0x0000000700000000, 0x0000000800000000)
  region size 2048K, 13 young (26624K), 13 survivors (26624K)
 Metaspace       used 120448K, committed 123072K, reserved 1179648K
  class space    used 16316K, committed 17600K, reserved 1048576K
}
Event: 75.909 GC heap before
{Heap before GC invocations=71 (full 0):
 garbage-first heap   total 641024K, used 577792K [0x0000000700000000, 0x0000000800000000)
  region size 2048K, 142 young (290816K), 13 survivors (26624K)
 Metaspace       used 120586K, committed 123200K, reserved 1179648K
  class space    used 16326K, committed 17600K, reserved 1048576K
}
Event: 75.964 GC heap after
{Heap after GC invocations=72 (full 0):
 garbage-first heap   total 858112K, used 318464K [0x0000000700000000, 0x0000000800000000)
  region size 2048K, 11 young (22528K), 11 survivors (22528K)
 Metaspace       used 120586K, committed 123200K, reserved 1179648K
  class space    used 16326K, committed 17600K, reserved 1048576K
}
Event: 98.672 GC heap before
{Heap before GC invocations=73 (full 0):
 garbage-first heap   total 858112K, used 736256K [0x0000000700000000, 0x0000000800000000)
  region size 2048K, 215 young (440320K), 11 survivors (22528K)
 Metaspace       used 121399K, committed 123968K, reserved 1179648K
  class space    used 16439K, committed 17728K, reserved 1048576K
}
Event: 98.725 GC heap after
{Heap after GC invocations=74 (full 0):
 garbage-first heap   total 858112K, used 355764K [0x0000000700000000, 0x0000000800000000)
  region size 2048K, 27 young (55296K), 27 survivors (55296K)
 Metaspace       used 121399K, committed 123968K, reserved 1179648K
  class space    used 16439K, committed 17728K, reserved 1048576K
}
Event: 104.718 GC heap before
{Heap before GC invocations=74 (full 0):
 garbage-first heap   total 858112K, used 751028K [0x0000000700000000, 0x0000000800000000)
  region size 2048K, 220 young (450560K), 27 survivors (55296K)
 Metaspace       used 125511K, committed 128128K, reserved 1179648K
  class space    used 16970K, committed 18240K, reserved 1048576K
}
Event: 104.963 GC heap after
{Heap after GC invocations=75 (full 0):
 garbage-first heap   total 907264K, used 450560K [0x0000000700000000, 0x0000000800000000)
  region size 2048K, 28 young (57344K), 28 survivors (57344K)
 Metaspace       used 125511K, committed 128128K, reserved 1179648K
  class space    used 16970K, committed 18240K, reserved 1048576K
}
Event: 106.054 GC heap before
{Heap before GC invocations=75 (full 0):
 garbage-first heap   total 907264K, used 520192K [0x0000000700000000, 0x0000000800000000)
  region size 2048K, 63 young (129024K), 28 survivors (57344K)
 Metaspace       used 128034K, committed 130624K, reserved 1179648K
  class space    used 17344K, committed 18624K, reserved 1048576K
}
Event: 106.190 GC heap after
{Heap after GC invocations=76 (full 0):
 garbage-first heap   total 907264K, used 465920K [0x0000000700000000, 0x0000000800000000)
  region size 2048K, 7 young (14336K), 7 survivors (14336K)
 Metaspace       used 128034K, committed 130624K, reserved 1179648K
  class space    used 17344K, committed 18624K, reserved 1048576K
}
Event: 110.102 GC heap before
{Heap before GC invocations=77 (full 0):
 garbage-first heap   total 907264K, used 769024K [0x0000000700000000, 0x0000000800000000)
  region size 2048K, 154 young (315392K), 7 survivors (14336K)
 Metaspace       used 128105K, committed 130688K, reserved 1179648K
  class space    used 17360K, committed 18624K, reserved 1048576K
}
Event: 110.346 GC heap after
{Heap after GC invocations=78 (full 0):
 garbage-first heap   total 907264K, used 539648K [0x0000000700000000, 0x0000000800000000)
  region size 2048K, 20 young (40960K), 20 survivors (40960K)
 Metaspace       used 128105K, committed 130688K, reserved 1179648K
  class space    used 17360K, committed 18624K, reserved 1048576K
}
Event: 111.750 GC heap before
{Heap before GC invocations=78 (full 0):
 garbage-first heap   total 907264K, used 769024K [0x0000000700000000, 0x0000000800000000)
  region size 2048K, 131 young (268288K), 20 survivors (40960K)
 Metaspace       used 128105K, committed 130688K, reserved 1179648K
  class space    used 17360K, committed 18624K, reserved 1048576K
}
Event: 112.019 GC heap after
{Heap after GC invocations=79 (full 0):
 garbage-first heap   total 907264K, used 598016K [0x0000000700000000, 0x0000000800000000)
  region size 2048K, 17 young (34816K), 17 survivors (34816K)
 Metaspace       used 128105K, committed 130688K, reserved 1179648K
  class space    used 17360K, committed 18624K, reserved 1048576K
}
Event: 113.403 GC heap before
{Heap before GC invocations=79 (full 0):
 garbage-first heap   total 907264K, used 794624K [0x0000000700000000, 0x0000000800000000)
  region size 2048K, 113 young (231424K), 17 survivors (34816K)
 Metaspace       used 130937K, committed 133504K, reserved 1179648K
  class space    used 17695K, committed 18944K, reserved 1048576K
}
Event: 113.540 GC heap after
{Heap after GC invocations=80 (full 0):
 garbage-first heap   total 907264K, used 635904K [0x0000000700000000, 0x0000000800000000)
  region size 2048K, 15 young (30720K), 15 survivors (30720K)
 Metaspace       used 130937K, committed 133504K, reserved 1179648K
  class space    used 17695K, committed 18944K, reserved 1048576K
}
Event: 114.761 GC heap before
{Heap before GC invocations=80 (full 0):
 garbage-first heap   total 907264K, used 809984K [0x0000000700000000, 0x0000000800000000)
  region size 2048K, 100 young (204800K), 15 survivors (30720K)
 Metaspace       used 130951K, committed 133568K, reserved 1179648K
  class space    used 17695K, committed 18944K, reserved 1048576K
}

